<?xml version="1.0" encoding="UTF-8"?>
<beans xmlns="http://www.springframework.org/schema/beans"
    xmlns:xsi="http://www.w3.org/2001/XMLSchema-instance"
    xmlns:context="http://www.springframework.org/schema/context"
	xmlns:tx="http://www.springframework.org/schema/tx"
	xmlns:aop="http://www.springframework.org/schema/aop"
    xsi:schemaLocation="http://www.springframework.org/schema/beans http://www.springframework.org/schema/beans/spring-beans-4.2.xsd
      					http://www.springframework.org/schema/context http://www.springframework.org/schema/context/spring-context-4.2.xsd
      					http://www.springframework.org/schema/tx  http://www.springframework.org/schema/tx/spring-tx-4.2.xsd
      					http://www.springframework.org/schema/aop http://www.springframework.org/schema/aop/spring-aop-4.2.xsd">

	<!-- declare directories where to find controllers and dao classes to register as spring entities -->
	<context:component-scan base-package="de.thd.pms.controller, de.thd.pms.service"/>
	<!-- declare transaction manager to be used via annotations -->
	<tx:annotation-driven transaction-manager="transactionManager"/>
	
    <bean id="startup" class="de.thd.pms.Startup" init-method="initDB">
		<property name="driverClass" value="com.mysql.jdbc.Driver" />
		<property name="user" value="root" />
		<property name="password" value="" />
		<property name="defaultDBurl" value="jdbc:mysql://localhost:3306/mysql" />
		<property name="newDB" value="fahrtenbuchtest" />
    </bean>

	<bean id="dataSource"
		class="com.mchange.v2.c3p0.ComboPooledDataSource"
		destroy-method="close"
		depends-on="startup">
		<property name="driverClass" value="com.mysql.jdbc.Driver" />
		<property name="jdbcUrl" value="jdbc:mysql://localhost:3306/fahrtenbuchtest" />
		<property name="user" value="root" />
		<property name="password" value="" />
		<property name="minPoolSize" value="2" />
      	<property name="maxPoolSize" value="4" />
	</bean>

	<bean id="sessionFactory"
		class="org.springframework.orm.hibernate4.LocalSessionFactoryBean">
		<property name="dataSource" ref="dataSource" />
		<property name="packagesToScan" value="de.thd.pms.model"/>
		<property name="hibernateProperties">
			<props>
				<prop key="hibernate.dialect">org.hibernate.dialect.MySQLDialect</prop>
				<prop key="hibernate.hbm2ddl.auto">update</prop>
				<prop key="hibernate.show_sql">true</prop>
				<prop key="hibernate.cache.provider_class">org.hibernate.cache.NoCacheProvider</prop>
			</props>
		</property>
	</bean>
	
    <bean id="transactionManager"  class="org.springframework.orm.hibernate4.HibernateTransactionManager">
        <property name="sessionFactory" ref="sessionFactory" />
    </bean>
    
    <bean id="persistenceExceptionTranslationPostProcessor" class="org.springframework.dao.annotation.PersistenceExceptionTranslationPostProcessor"/>
         
</beans>